c:\users\brian\documents\brian\rit\senior year 2018-2019\spring semester\sys concepts games & media\homeworks\hw3\igme-451_regex_hw\igme-451_regex_hw\debug\igme-451_regex_hw.pch
c:\users\brian\documents\brian\rit\senior year 2018-2019\spring semester\sys concepts games & media\homeworks\hw3\igme-451_regex_hw\igme-451_regex_hw\debug\vc140.pdb
c:\users\brian\documents\brian\rit\senior year 2018-2019\spring semester\sys concepts games & media\homeworks\hw3\igme-451_regex_hw\igme-451_regex_hw\debug\vc140.idb
c:\users\brian\documents\brian\rit\senior year 2018-2019\spring semester\sys concepts games & media\homeworks\hw3\igme-451_regex_hw\igme-451_regex_hw\debug\stdafx.obj
c:\users\brian\documents\brian\rit\senior year 2018-2019\spring semester\sys concepts games & media\homeworks\hw3\igme-451_regex_hw\igme-451_regex_hw\debug\datum.obj
c:\users\brian\documents\brian\rit\senior year 2018-2019\spring semester\sys concepts games & media\homeworks\hw3\igme-451_regex_hw\igme-451_regex_hw\debug\configparser.obj
c:\users\brian\documents\brian\rit\senior year 2018-2019\spring semester\sys concepts games & media\homeworks\hw3\igme-451_regex_hw\igme-451_regex_hw\debug\section.obj
c:\users\brian\documents\brian\rit\senior year 2018-2019\spring semester\sys concepts games & media\homeworks\hw3\igme-451_regex_hw\igme-451_regex_hw\debug\igme-451_regex_hw.obj
c:\users\brian\documents\brian\rit\senior year 2018-2019\spring semester\sys concepts games & media\homeworks\hw3\igme-451_regex_hw\debug\igme-451_regex_hw.ilk
c:\users\brian\documents\brian\rit\senior year 2018-2019\spring semester\sys concepts games & media\homeworks\hw3\igme-451_regex_hw\debug\igme-451_regex_hw.exe
c:\users\brian\documents\brian\rit\senior year 2018-2019\spring semester\sys concepts games & media\homeworks\hw3\igme-451_regex_hw\debug\igme-451_regex_hw.pdb
c:\users\brian\documents\brian\rit\senior year 2018-2019\spring semester\sys concepts games & media\homeworks\hw3\igme-451_regex_hw\igme-451_regex_hw\debug\igme-451_regex_hw.res
z:\igmprofile\desktop\senior year 2019\spring\systems concepts for games and media\homework\hw3\igme-451_regex_hw\igme-451_regex_hw\debug\configparser.obj
z:\igmprofile\desktop\senior year 2019\spring\systems concepts for games and media\homework\hw3\igme-451_regex_hw\igme-451_regex_hw\debug\datum.obj
z:\igmprofile\desktop\senior year 2019\spring\systems concepts for games and media\homework\hw3\igme-451_regex_hw\igme-451_regex_hw\debug\igme-451_regex_hw.obj
z:\igmprofile\desktop\senior year 2019\spring\systems concepts for games and media\homework\hw3\igme-451_regex_hw\igme-451_regex_hw\debug\section.obj
z:\igmprofile\desktop\senior year 2019\spring\systems concepts for games and media\homework\hw3\igme-451_regex_hw\igme-451_regex_hw\debug\stdafx.obj
z:\igmprofile\desktop\senior year 2019\spring\systems concepts for games and media\homework\hw3\igme-451_regex_hw\igme-451_regex_hw\debug\igme-451_regex_hw.res
z:\igmprofile\desktop\senior year 2019\spring\systems concepts for games and media\homework\hw3\igme-451_regex_hw\igme-451_regex_hw\debug\igme-451_regex_hw.pch
z:\igmprofile\desktop\senior year 2019\spring\systems concepts for games and media\homework\hw3\igme-451_regex_hw\igme-451_regex_hw\debug\vc140.idb
z:\igmprofile\desktop\senior year 2019\spring\systems concepts for games and media\homework\hw3\igme-451_regex_hw\igme-451_regex_hw\debug\vc140.pdb
z:\igmprofile\desktop\senior year 2019\spring\systems concepts for games and media\homework\hw3\igme-451_regex_hw\debug\igme-451_regex_hw.pdb
z:\igmprofile\desktop\senior year 2019\spring\systems concepts for games and media\homework\hw3\igme-451_regex_hw\debug\igme-451_regex_hw.exe
z:\igmprofile\desktop\senior year 2019\spring\systems concepts for games and media\homework\hw3\igme-451_regex_hw\debug\igme-451_regex_hw.ilk
z:\igmprofile\desktop\senior year 2019\spring\systems concepts for games and media\homework\hw3\igme-451_regex_hw\igme-451_regex_hw\debug\igme-451.f5ca6ae6.tlog\cl.command.1.tlog
z:\igmprofile\desktop\senior year 2019\spring\systems concepts for games and media\homework\hw3\igme-451_regex_hw\igme-451_regex_hw\debug\igme-451.f5ca6ae6.tlog\cl.read.1.tlog
z:\igmprofile\desktop\senior year 2019\spring\systems concepts for games and media\homework\hw3\igme-451_regex_hw\igme-451_regex_hw\debug\igme-451.f5ca6ae6.tlog\cl.write.1.tlog
z:\igmprofile\desktop\senior year 2019\spring\systems concepts for games and media\homework\hw3\igme-451_regex_hw\igme-451_regex_hw\debug\igme-451.f5ca6ae6.tlog\link.command.1.tlog
z:\igmprofile\desktop\senior year 2019\spring\systems concepts for games and media\homework\hw3\igme-451_regex_hw\igme-451_regex_hw\debug\igme-451.f5ca6ae6.tlog\link.read.1.tlog
z:\igmprofile\desktop\senior year 2019\spring\systems concepts for games and media\homework\hw3\igme-451_regex_hw\igme-451_regex_hw\debug\igme-451.f5ca6ae6.tlog\link.write.1.tlog
z:\igmprofile\desktop\senior year 2019\spring\systems concepts for games and media\homework\hw3\igme-451_regex_hw\igme-451_regex_hw\debug\igme-451.f5ca6ae6.tlog\rc.command.1.tlog
z:\igmprofile\desktop\senior year 2019\spring\systems concepts for games and media\homework\hw3\igme-451_regex_hw\igme-451_regex_hw\debug\igme-451.f5ca6ae6.tlog\rc.read.1.tlog
z:\igmprofile\desktop\senior year 2019\spring\systems concepts for games and media\homework\hw3\igme-451_regex_hw\igme-451_regex_hw\debug\igme-451.f5ca6ae6.tlog\rc.write.1.tlog
